The system is: Linux - 4.15.0-50-generic - x86_64
Compiling the C compiler identification source file "CMakeCCompilerId.c" succeeded.
Compiler: /home/jl/deploy/llvm342/Release/bin/clang 
Build flags: 
Id flags:  

The output was:
0


Compilation of the C compiler identification source "CMakeCCompilerId.c" produced "a.out"

The C compiler identification is Clang, found in "/tmp/tmp.ZSiBhkFYF2/cmake-build-debug/CMakeFiles/3.14.4/CompilerIdC/a.out"

Compiling the CXX compiler identification source file "CMakeCXXCompilerId.cpp" succeeded.
Compiler: /home/jl/deploy/llvm342/Release/bin/clang++ 
Build flags: 
Id flags:  

The output was:
0


Compilation of the CXX compiler identification source "CMakeCXXCompilerId.cpp" produced "a.out"

The CXX compiler identification is Clang, found in "/tmp/tmp.ZSiBhkFYF2/cmake-build-debug/CMakeFiles/3.14.4/CompilerIdCXX/a.out"

Determining if the C compiler works passed with the following output:
Change Dir: /tmp/tmp.ZSiBhkFYF2/cmake-build-debug/CMakeFiles/CMakeTmp

Run Build Command(s):/usr/bin/make cmTC_b1752/fast 
/usr/bin/make -f CMakeFiles/cmTC_b1752.dir/build.make CMakeFiles/cmTC_b1752.dir/build
make[1]: Entering directory '/tmp/tmp.ZSiBhkFYF2/cmake-build-debug/CMakeFiles/CMakeTmp'
Building C object CMakeFiles/cmTC_b1752.dir/testCCompiler.c.o
/home/jl/deploy/llvm342/Release/bin/clang    -o CMakeFiles/cmTC_b1752.dir/testCCompiler.c.o   -c /tmp/tmp.ZSiBhkFYF2/cmake-build-debug/CMakeFiles/CMakeTmp/testCCompiler.c
Linking C executable cmTC_b1752
/usr/local/bin/cmake -E cmake_link_script CMakeFiles/cmTC_b1752.dir/link.txt --verbose=1
/home/jl/deploy/llvm342/Release/bin/clang      -rdynamic CMakeFiles/cmTC_b1752.dir/testCCompiler.c.o  -o cmTC_b1752 
make[1]: Leaving directory '/tmp/tmp.ZSiBhkFYF2/cmake-build-debug/CMakeFiles/CMakeTmp'


Detecting C compiler ABI info compiled with the following output:
Change Dir: /tmp/tmp.ZSiBhkFYF2/cmake-build-debug/CMakeFiles/CMakeTmp

Run Build Command(s):/usr/bin/make cmTC_6114c/fast 
/usr/bin/make -f CMakeFiles/cmTC_6114c.dir/build.make CMakeFiles/cmTC_6114c.dir/build
make[1]: Entering directory '/tmp/tmp.ZSiBhkFYF2/cmake-build-debug/CMakeFiles/CMakeTmp'
Building C object CMakeFiles/cmTC_6114c.dir/CMakeCCompilerABI.c.o
/home/jl/deploy/llvm342/Release/bin/clang   -v -o CMakeFiles/cmTC_6114c.dir/CMakeCCompilerABI.c.o   -c /usr/local/share/cmake-3.14/Modules/CMakeCCompilerABI.c
clang version 3.4.2 (tags/RELEASE_342/final)
Target: x86_64-unknown-linux-gnu
Thread model: posix
Found candidate GCC installation: /usr/lib/gcc/x86_64-linux-gnu/5.4.0
Found candidate GCC installation: /usr/lib/gcc/x86_64-linux-gnu/6.0.0
Selected GCC installation: /usr/lib/gcc/x86_64-linux-gnu/5.4.0
 "/home/jl/deploy/llvm342/Release/bin/clang" -cc1 -triple x86_64-unknown-linux-gnu -emit-obj -mrelax-all -disable-free -disable-llvm-verifier -main-file-name CMakeCCompilerABI.c -mrelocation-model static -mdisable-fp-elim -fmath-errno -masm-verbose -mconstructor-aliases -munwind-tables -fuse-init-array -target-cpu x86-64 -target-linker-version 2.26.1 -v -coverage-file /tmp/tmp.ZSiBhkFYF2/cmake-build-debug/CMakeFiles/CMakeTmp/CMakeFiles/cmTC_6114c.dir/CMakeCCompilerABI.c.o -resource-dir /home/jl/deploy/llvm342/Release/bin/../lib/clang/3.4.2 -internal-isystem /usr/local/include -internal-isystem /home/jl/deploy/llvm342/Release/bin/../lib/clang/3.4.2/include -internal-externc-isystem /usr/include/x86_64-linux-gnu -internal-externc-isystem /include -internal-externc-isystem /usr/include -fdebug-compilation-dir /tmp/tmp.ZSiBhkFYF2/cmake-build-debug/CMakeFiles/CMakeTmp -ferror-limit 19 -fmessage-length 0 -mstackrealign -fobjc-runtime=gcc -fdiagnostics-show-option -vectorize-slp -o CMakeFiles/cmTC_6114c.dir/CMakeCCompilerABI.c.o -x c /usr/local/share/cmake-3.14/Modules/CMakeCCompilerABI.c
clang -cc1 version 3.4.2 based upon LLVM 3.4.2 default target x86_64-unknown-linux-gnu
ignoring nonexistent directory "/include"
#include "..." search starts here:
#include <...> search starts here:
 /usr/local/include
 /home/jl/deploy/llvm342/Release/bin/../lib/clang/3.4.2/include
 /usr/include/x86_64-linux-gnu
 /usr/include
End of search list.
Linking C executable cmTC_6114c
/usr/local/bin/cmake -E cmake_link_script CMakeFiles/cmTC_6114c.dir/link.txt --verbose=1
/home/jl/deploy/llvm342/Release/bin/clang     -v -rdynamic CMakeFiles/cmTC_6114c.dir/CMakeCCompilerABI.c.o  -o cmTC_6114c 
clang version 3.4.2 (tags/RELEASE_342/final)
Target: x86_64-unknown-linux-gnu
Thread model: posix
Found candidate GCC installation: /usr/lib/gcc/x86_64-linux-gnu/5.4.0
Found candidate GCC installation: /usr/lib/gcc/x86_64-linux-gnu/6.0.0
Selected GCC installation: /usr/lib/gcc/x86_64-linux-gnu/5.4.0
 "/usr/bin/ld" -export-dynamic --eh-frame-hdr -m elf_x86_64 -dynamic-linker /lib64/ld-linux-x86-64.so.2 -o cmTC_6114c /usr/lib/gcc/x86_64-linux-gnu/5.4.0/../../../x86_64-linux-gnu/crt1.o /usr/lib/gcc/x86_64-linux-gnu/5.4.0/../../../x86_64-linux-gnu/crti.o /usr/lib/gcc/x86_64-linux-gnu/5.4.0/crtbegin.o -L/usr/lib/gcc/x86_64-linux-gnu/5.4.0 -L/usr/lib/gcc/x86_64-linux-gnu/5.4.0/../../../x86_64-linux-gnu -L/lib/x86_64-linux-gnu -L/lib/../lib64 -L/usr/lib/x86_64-linux-gnu -L/usr/lib/gcc/x86_64-linux-gnu/5.4.0/../../.. -L/lib -L/usr/lib CMakeFiles/cmTC_6114c.dir/CMakeCCompilerABI.c.o -lgcc --as-needed -lgcc_s --no-as-needed -lc -lgcc --as-needed -lgcc_s --no-as-needed /usr/lib/gcc/x86_64-linux-gnu/5.4.0/crtend.o /usr/lib/gcc/x86_64-linux-gnu/5.4.0/../../../x86_64-linux-gnu/crtn.o
make[1]: Leaving directory '/tmp/tmp.ZSiBhkFYF2/cmake-build-debug/CMakeFiles/CMakeTmp'


Parsed C implicit include dir info from above output: rv=done
  found start of include info
  found start of implicit include info
    add: [/usr/local/include]
    add: [/home/jl/deploy/llvm342/Release/bin/../lib/clang/3.4.2/include]
    add: [/usr/include/x86_64-linux-gnu]
    add: [/usr/include]
  end of search list found
  collapse include dir [/usr/local/include] ==> [/usr/local/include]
  collapse include dir [/home/jl/deploy/llvm342/Release/bin/../lib/clang/3.4.2/include] ==> [/home/jl/deploy/llvm342/Release/lib/clang/3.4.2/include]
  collapse include dir [/usr/include/x86_64-linux-gnu] ==> [/usr/include/x86_64-linux-gnu]
  collapse include dir [/usr/include] ==> [/usr/include]
  implicit include dirs: [/usr/local/include;/home/jl/deploy/llvm342/Release/lib/clang/3.4.2/include;/usr/include/x86_64-linux-gnu;/usr/include]


Parsed C implicit link information from above output:
  link line regex: [^( *|.*[/\])(ld|CMAKE_LINK_STARTFILE-NOTFOUND|([^/\]+-)?ld|collect2)[^/\]*( |$)]
  ignore line: [Change Dir: /tmp/tmp.ZSiBhkFYF2/cmake-build-debug/CMakeFiles/CMakeTmp]
  ignore line: []
  ignore line: [Run Build Command(s):/usr/bin/make cmTC_6114c/fast ]
  ignore line: [/usr/bin/make -f CMakeFiles/cmTC_6114c.dir/build.make CMakeFiles/cmTC_6114c.dir/build]
  ignore line: [make[1]: Entering directory '/tmp/tmp.ZSiBhkFYF2/cmake-build-debug/CMakeFiles/CMakeTmp']
  ignore line: [Building C object CMakeFiles/cmTC_6114c.dir/CMakeCCompilerABI.c.o]
  ignore line: [/home/jl/deploy/llvm342/Release/bin/clang   -v -o CMakeFiles/cmTC_6114c.dir/CMakeCCompilerABI.c.o   -c /usr/local/share/cmake-3.14/Modules/CMakeCCompilerABI.c]
  ignore line: [clang version 3.4.2 (tags/RELEASE_342/final)]
  ignore line: [Target: x86_64-unknown-linux-gnu]
  ignore line: [Thread model: posix]
  ignore line: [Found candidate GCC installation: /usr/lib/gcc/x86_64-linux-gnu/5.4.0]
  ignore line: [Found candidate GCC installation: /usr/lib/gcc/x86_64-linux-gnu/6.0.0]
  ignore line: [Selected GCC installation: /usr/lib/gcc/x86_64-linux-gnu/5.4.0]
  ignore line: [ "/home/jl/deploy/llvm342/Release/bin/clang" -cc1 -triple x86_64-unknown-linux-gnu -emit-obj -mrelax-all -disable-free -disable-llvm-verifier -main-file-name CMakeCCompilerABI.c -mrelocation-model static -mdisable-fp-elim -fmath-errno -masm-verbose -mconstructor-aliases -munwind-tables -fuse-init-array -target-cpu x86-64 -target-linker-version 2.26.1 -v -coverage-file /tmp/tmp.ZSiBhkFYF2/cmake-build-debug/CMakeFiles/CMakeTmp/CMakeFiles/cmTC_6114c.dir/CMakeCCompilerABI.c.o -resource-dir /home/jl/deploy/llvm342/Release/bin/../lib/clang/3.4.2 -internal-isystem /usr/local/include -internal-isystem /home/jl/deploy/llvm342/Release/bin/../lib/clang/3.4.2/include -internal-externc-isystem /usr/include/x86_64-linux-gnu -internal-externc-isystem /include -internal-externc-isystem /usr/include -fdebug-compilation-dir /tmp/tmp.ZSiBhkFYF2/cmake-build-debug/CMakeFiles/CMakeTmp -ferror-limit 19 -fmessage-length 0 -mstackrealign -fobjc-runtime=gcc -fdiagnostics-show-option -vectorize-slp -o CMakeFiles/cmTC_6114c.dir/CMakeCCompilerABI.c.o -x c /usr/local/share/cmake-3.14/Modules/CMakeCCompilerABI.c]
  ignore line: [clang -cc1 version 3.4.2 based upon LLVM 3.4.2 default target x86_64-unknown-linux-gnu]
  ignore line: [ignoring nonexistent directory "/include"]
  ignore line: [#include "..." search starts here:]
  ignore line: [#include <...> search starts here:]
  ignore line: [ /usr/local/include]
  ignore line: [ /home/jl/deploy/llvm342/Release/bin/../lib/clang/3.4.2/include]
  ignore line: [ /usr/include/x86_64-linux-gnu]
  ignore line: [ /usr/include]
  ignore line: [End of search list.]
  ignore line: [Linking C executable cmTC_6114c]
  ignore line: [/usr/local/bin/cmake -E cmake_link_script CMakeFiles/cmTC_6114c.dir/link.txt --verbose=1]
  ignore line: [/home/jl/deploy/llvm342/Release/bin/clang     -v -rdynamic CMakeFiles/cmTC_6114c.dir/CMakeCCompilerABI.c.o  -o cmTC_6114c ]
  ignore line: [clang version 3.4.2 (tags/RELEASE_342/final)]
  ignore line: [Target: x86_64-unknown-linux-gnu]
  ignore line: [Thread model: posix]
  ignore line: [Found candidate GCC installation: /usr/lib/gcc/x86_64-linux-gnu/5.4.0]
  ignore line: [Found candidate GCC installation: /usr/lib/gcc/x86_64-linux-gnu/6.0.0]
  ignore line: [Selected GCC installation: /usr/lib/gcc/x86_64-linux-gnu/5.4.0]
  link line: [ "/usr/bin/ld" -export-dynamic --eh-frame-hdr -m elf_x86_64 -dynamic-linker /lib64/ld-linux-x86-64.so.2 -o cmTC_6114c /usr/lib/gcc/x86_64-linux-gnu/5.4.0/../../../x86_64-linux-gnu/crt1.o /usr/lib/gcc/x86_64-linux-gnu/5.4.0/../../../x86_64-linux-gnu/crti.o /usr/lib/gcc/x86_64-linux-gnu/5.4.0/crtbegin.o -L/usr/lib/gcc/x86_64-linux-gnu/5.4.0 -L/usr/lib/gcc/x86_64-linux-gnu/5.4.0/../../../x86_64-linux-gnu -L/lib/x86_64-linux-gnu -L/lib/../lib64 -L/usr/lib/x86_64-linux-gnu -L/usr/lib/gcc/x86_64-linux-gnu/5.4.0/../../.. -L/lib -L/usr/lib CMakeFiles/cmTC_6114c.dir/CMakeCCompilerABI.c.o -lgcc --as-needed -lgcc_s --no-as-needed -lc -lgcc --as-needed -lgcc_s --no-as-needed /usr/lib/gcc/x86_64-linux-gnu/5.4.0/crtend.o /usr/lib/gcc/x86_64-linux-gnu/5.4.0/../../../x86_64-linux-gnu/crtn.o]
    arg [/usr/bin/ld] ==> ignore
    arg [-export-dynamic] ==> ignore
    arg [--eh-frame-hdr] ==> ignore
    arg [-m] ==> ignore
    arg [elf_x86_64] ==> ignore
    arg [-dynamic-linker] ==> ignore
    arg [/lib64/ld-linux-x86-64.so.2] ==> ignore
    arg [-o] ==> ignore
    arg [cmTC_6114c] ==> ignore
    arg [/usr/lib/gcc/x86_64-linux-gnu/5.4.0/../../../x86_64-linux-gnu/crt1.o] ==> ignore
    arg [/usr/lib/gcc/x86_64-linux-gnu/5.4.0/../../../x86_64-linux-gnu/crti.o] ==> ignore
    arg [/usr/lib/gcc/x86_64-linux-gnu/5.4.0/crtbegin.o] ==> ignore
    arg [-L/usr/lib/gcc/x86_64-linux-gnu/5.4.0] ==> dir [/usr/lib/gcc/x86_64-linux-gnu/5.4.0]
    arg [-L/usr/lib/gcc/x86_64-linux-gnu/5.4.0/../../../x86_64-linux-gnu] ==> dir [/usr/lib/gcc/x86_64-linux-gnu/5.4.0/../../../x86_64-linux-gnu]
    arg [-L/lib/x86_64-linux-gnu] ==> dir [/lib/x86_64-linux-gnu]
    arg [-L/lib/../lib64] ==> dir [/lib/../lib64]
    arg [-L/usr/lib/x86_64-linux-gnu] ==> dir [/usr/lib/x86_64-linux-gnu]
    arg [-L/usr/lib/gcc/x86_64-linux-gnu/5.4.0/../../..] ==> dir [/usr/lib/gcc/x86_64-linux-gnu/5.4.0/../../..]
    arg [-L/lib] ==> dir [/lib]
    arg [-L/usr/lib] ==> dir [/usr/lib]
    arg [CMakeFiles/cmTC_6114c.dir/CMakeCCompilerABI.c.o] ==> ignore
    arg [-lgcc] ==> lib [gcc]
    arg [--as-needed] ==> ignore
    arg [-lgcc_s] ==> lib [gcc_s]
    arg [--no-as-needed] ==> ignore
    arg [-lc] ==> lib [c]
    arg [-lgcc] ==> lib [gcc]
    arg [--as-needed] ==> ignore
    arg [-lgcc_s] ==> lib [gcc_s]
    arg [--no-as-needed] ==> ignore
    arg [/usr/lib/gcc/x86_64-linux-gnu/5.4.0/crtend.o] ==> ignore
    arg [/usr/lib/gcc/x86_64-linux-gnu/5.4.0/../../../x86_64-linux-gnu/crtn.o] ==> ignore
  collapse library dir [/usr/lib/gcc/x86_64-linux-gnu/5.4.0] ==> [/usr/lib/gcc/x86_64-linux-gnu/5.4.0]
  collapse library dir [/usr/lib/gcc/x86_64-linux-gnu/5.4.0/../../../x86_64-linux-gnu] ==> [/usr/lib/x86_64-linux-gnu]
  collapse library dir [/lib/x86_64-linux-gnu] ==> [/lib/x86_64-linux-gnu]
  collapse library dir [/lib/../lib64] ==> [/lib64]
  collapse library dir [/usr/lib/x86_64-linux-gnu] ==> [/usr/lib/x86_64-linux-gnu]
  collapse library dir [/usr/lib/gcc/x86_64-linux-gnu/5.4.0/../../..] ==> [/usr/lib]
  collapse library dir [/lib] ==> [/lib]
  collapse library dir [/usr/lib] ==> [/usr/lib]
  implicit libs: [gcc;gcc_s;c;gcc;gcc_s]
  implicit dirs: [/usr/lib/gcc/x86_64-linux-gnu/5.4.0;/usr/lib/x86_64-linux-gnu;/lib/x86_64-linux-gnu;/lib64;/usr/lib;/lib]
  implicit fwks: []




Detecting C [-std=c11] compiler features compiled with the following output:
Change Dir: /tmp/tmp.ZSiBhkFYF2/cmake-build-debug/CMakeFiles/CMakeTmp

Run Build Command(s):/usr/bin/make cmTC_7f7bb/fast 
/usr/bin/make -f CMakeFiles/cmTC_7f7bb.dir/build.make CMakeFiles/cmTC_7f7bb.dir/build
make[1]: Entering directory '/tmp/tmp.ZSiBhkFYF2/cmake-build-debug/CMakeFiles/CMakeTmp'
Building C object CMakeFiles/cmTC_7f7bb.dir/feature_tests.c.o
/home/jl/deploy/llvm342/Release/bin/clang   -std=c11 -o CMakeFiles/cmTC_7f7bb.dir/feature_tests.c.o   -c /tmp/tmp.ZSiBhkFYF2/cmake-build-debug/CMakeFiles/feature_tests.c
Linking C executable cmTC_7f7bb
/usr/local/bin/cmake -E cmake_link_script CMakeFiles/cmTC_7f7bb.dir/link.txt --verbose=1
/home/jl/deploy/llvm342/Release/bin/clang      -rdynamic CMakeFiles/cmTC_7f7bb.dir/feature_tests.c.o  -o cmTC_7f7bb 
make[1]: Leaving directory '/tmp/tmp.ZSiBhkFYF2/cmake-build-debug/CMakeFiles/CMakeTmp'


    Feature record: C_FEATURE:1c_function_prototypes
    Feature record: C_FEATURE:1c_restrict
    Feature record: C_FEATURE:1c_static_assert
    Feature record: C_FEATURE:1c_variadic_macros


Detecting C [-std=c99] compiler features compiled with the following output:
Change Dir: /tmp/tmp.ZSiBhkFYF2/cmake-build-debug/CMakeFiles/CMakeTmp

Run Build Command(s):/usr/bin/make cmTC_3d403/fast 
/usr/bin/make -f CMakeFiles/cmTC_3d403.dir/build.make CMakeFiles/cmTC_3d403.dir/build
make[1]: Entering directory '/tmp/tmp.ZSiBhkFYF2/cmake-build-debug/CMakeFiles/CMakeTmp'
Building C object CMakeFiles/cmTC_3d403.dir/feature_tests.c.o
/home/jl/deploy/llvm342/Release/bin/clang   -std=c99 -o CMakeFiles/cmTC_3d403.dir/feature_tests.c.o   -c /tmp/tmp.ZSiBhkFYF2/cmake-build-debug/CMakeFiles/feature_tests.c
Linking C executable cmTC_3d403
/usr/local/bin/cmake -E cmake_link_script CMakeFiles/cmTC_3d403.dir/link.txt --verbose=1
/home/jl/deploy/llvm342/Release/bin/clang      -rdynamic CMakeFiles/cmTC_3d403.dir/feature_tests.c.o  -o cmTC_3d403 
make[1]: Leaving directory '/tmp/tmp.ZSiBhkFYF2/cmake-build-debug/CMakeFiles/CMakeTmp'


    Feature record: C_FEATURE:1c_function_prototypes
    Feature record: C_FEATURE:1c_restrict
    Feature record: C_FEATURE:0c_static_assert
    Feature record: C_FEATURE:1c_variadic_macros


Detecting C [-std=c90] compiler features compiled with the following output:
Change Dir: /tmp/tmp.ZSiBhkFYF2/cmake-build-debug/CMakeFiles/CMakeTmp

Run Build Command(s):/usr/bin/make cmTC_d4217/fast 
/usr/bin/make -f CMakeFiles/cmTC_d4217.dir/build.make CMakeFiles/cmTC_d4217.dir/build
make[1]: Entering directory '/tmp/tmp.ZSiBhkFYF2/cmake-build-debug/CMakeFiles/CMakeTmp'
Building C object CMakeFiles/cmTC_d4217.dir/feature_tests.c.o
/home/jl/deploy/llvm342/Release/bin/clang   -std=c90 -o CMakeFiles/cmTC_d4217.dir/feature_tests.c.o   -c /tmp/tmp.ZSiBhkFYF2/cmake-build-debug/CMakeFiles/feature_tests.c
Linking C executable cmTC_d4217
/usr/local/bin/cmake -E cmake_link_script CMakeFiles/cmTC_d4217.dir/link.txt --verbose=1
/home/jl/deploy/llvm342/Release/bin/clang      -rdynamic CMakeFiles/cmTC_d4217.dir/feature_tests.c.o  -o cmTC_d4217 
make[1]: Leaving directory '/tmp/tmp.ZSiBhkFYF2/cmake-build-debug/CMakeFiles/CMakeTmp'


    Feature record: C_FEATURE:1c_function_prototypes
    Feature record: C_FEATURE:0c_restrict
    Feature record: C_FEATURE:0c_static_assert
    Feature record: C_FEATURE:0c_variadic_macros
Determining if the CXX compiler works passed with the following output:
Change Dir: /tmp/tmp.ZSiBhkFYF2/cmake-build-debug/CMakeFiles/CMakeTmp

Run Build Command(s):/usr/bin/make cmTC_fb587/fast 
/usr/bin/make -f CMakeFiles/cmTC_fb587.dir/build.make CMakeFiles/cmTC_fb587.dir/build
make[1]: Entering directory '/tmp/tmp.ZSiBhkFYF2/cmake-build-debug/CMakeFiles/CMakeTmp'
Building CXX object CMakeFiles/cmTC_fb587.dir/testCXXCompiler.cxx.o
/home/jl/deploy/llvm342/Release/bin/clang++     -o CMakeFiles/cmTC_fb587.dir/testCXXCompiler.cxx.o -c /tmp/tmp.ZSiBhkFYF2/cmake-build-debug/CMakeFiles/CMakeTmp/testCXXCompiler.cxx
Linking CXX executable cmTC_fb587
/usr/local/bin/cmake -E cmake_link_script CMakeFiles/cmTC_fb587.dir/link.txt --verbose=1
/home/jl/deploy/llvm342/Release/bin/clang++       -rdynamic CMakeFiles/cmTC_fb587.dir/testCXXCompiler.cxx.o  -o cmTC_fb587 
make[1]: Leaving directory '/tmp/tmp.ZSiBhkFYF2/cmake-build-debug/CMakeFiles/CMakeTmp'


Detecting CXX compiler ABI info compiled with the following output:
Change Dir: /tmp/tmp.ZSiBhkFYF2/cmake-build-debug/CMakeFiles/CMakeTmp

Run Build Command(s):/usr/bin/make cmTC_6a18d/fast 
/usr/bin/make -f CMakeFiles/cmTC_6a18d.dir/build.make CMakeFiles/cmTC_6a18d.dir/build
make[1]: Entering directory '/tmp/tmp.ZSiBhkFYF2/cmake-build-debug/CMakeFiles/CMakeTmp'
Building CXX object CMakeFiles/cmTC_6a18d.dir/CMakeCXXCompilerABI.cpp.o
/home/jl/deploy/llvm342/Release/bin/clang++    -v -o CMakeFiles/cmTC_6a18d.dir/CMakeCXXCompilerABI.cpp.o -c /usr/local/share/cmake-3.14/Modules/CMakeCXXCompilerABI.cpp
clang version 3.4.2 (tags/RELEASE_342/final)
Target: x86_64-unknown-linux-gnu
Thread model: posix
Found candidate GCC installation: /usr/lib/gcc/x86_64-linux-gnu/5.4.0
Found candidate GCC installation: /usr/lib/gcc/x86_64-linux-gnu/6.0.0
Selected GCC installation: /usr/lib/gcc/x86_64-linux-gnu/5.4.0
 "/home/jl/deploy/llvm342/Release/bin/clang++" -cc1 -triple x86_64-unknown-linux-gnu -emit-obj -mrelax-all -disable-free -disable-llvm-verifier -main-file-name CMakeCXXCompilerABI.cpp -mrelocation-model static -mdisable-fp-elim -fmath-errno -masm-verbose -mconstructor-aliases -munwind-tables -fuse-init-array -target-cpu x86-64 -target-linker-version 2.26.1 -v -coverage-file /tmp/tmp.ZSiBhkFYF2/cmake-build-debug/CMakeFiles/CMakeTmp/CMakeFiles/cmTC_6a18d.dir/CMakeCXXCompilerABI.cpp.o -resource-dir /home/jl/deploy/llvm342/Release/bin/../lib/clang/3.4.2 -internal-isystem /usr/lib/gcc/x86_64-linux-gnu/5.4.0/../../../../include/c++/5.4.0 -internal-isystem /usr/lib/gcc/x86_64-linux-gnu/5.4.0/../../../../include/c++/5.4.0/x86_64-linux-gnu -internal-isystem /usr/lib/gcc/x86_64-linux-gnu/5.4.0/../../../../include/c++/5.4.0/backward -internal-isystem /usr/lib/gcc/x86_64-linux-gnu/5.4.0/../../../../include/x86_64-linux-gnu/c++/5.4.0 -internal-isystem /usr/local/include -internal-isystem /home/jl/deploy/llvm342/Release/bin/../lib/clang/3.4.2/include -internal-externc-isystem /usr/include/x86_64-linux-gnu -internal-externc-isystem /include -internal-externc-isystem /usr/include -fdeprecated-macro -fdebug-compilation-dir /tmp/tmp.ZSiBhkFYF2/cmake-build-debug/CMakeFiles/CMakeTmp -ferror-limit 19 -fmessage-length 0 -mstackrealign -fobjc-runtime=gcc -fcxx-exceptions -fexceptions -fdiagnostics-show-option -vectorize-slp -o CMakeFiles/cmTC_6a18d.dir/CMakeCXXCompilerABI.cpp.o -x c++ /usr/local/share/cmake-3.14/Modules/CMakeCXXCompilerABI.cpp
clang -cc1 version 3.4.2 based upon LLVM 3.4.2 default target x86_64-unknown-linux-gnu
ignoring nonexistent directory "/usr/lib/gcc/x86_64-linux-gnu/5.4.0/../../../../include/c++/5.4.0/x86_64-linux-gnu"
ignoring nonexistent directory "/include"
#include "..." search starts here:
#include <...> search starts here:
 /usr/lib/gcc/x86_64-linux-gnu/5.4.0/../../../../include/c++/5.4.0
 /usr/lib/gcc/x86_64-linux-gnu/5.4.0/../../../../include/c++/5.4.0/backward
 /usr/lib/gcc/x86_64-linux-gnu/5.4.0/../../../../include/x86_64-linux-gnu/c++/5.4.0
 /usr/local/include
 /home/jl/deploy/llvm342/Release/bin/../lib/clang/3.4.2/include
 /usr/include/x86_64-linux-gnu
 /usr/include
End of search list.
Linking CXX executable cmTC_6a18d
/usr/local/bin/cmake -E cmake_link_script CMakeFiles/cmTC_6a18d.dir/link.txt --verbose=1
/home/jl/deploy/llvm342/Release/bin/clang++      -v -rdynamic CMakeFiles/cmTC_6a18d.dir/CMakeCXXCompilerABI.cpp.o  -o cmTC_6a18d 
clang version 3.4.2 (tags/RELEASE_342/final)
Target: x86_64-unknown-linux-gnu
Thread model: posix
Found candidate GCC installation: /usr/lib/gcc/x86_64-linux-gnu/5.4.0
Found candidate GCC installation: /usr/lib/gcc/x86_64-linux-gnu/6.0.0
Selected GCC installation: /usr/lib/gcc/x86_64-linux-gnu/5.4.0
 "/usr/bin/ld" -export-dynamic --eh-frame-hdr -m elf_x86_64 -dynamic-linker /lib64/ld-linux-x86-64.so.2 -o cmTC_6a18d /usr/lib/gcc/x86_64-linux-gnu/5.4.0/../../../x86_64-linux-gnu/crt1.o /usr/lib/gcc/x86_64-linux-gnu/5.4.0/../../../x86_64-linux-gnu/crti.o /usr/lib/gcc/x86_64-linux-gnu/5.4.0/crtbegin.o -L/usr/lib/gcc/x86_64-linux-gnu/5.4.0 -L/usr/lib/gcc/x86_64-linux-gnu/5.4.0/../../../x86_64-linux-gnu -L/lib/x86_64-linux-gnu -L/lib/../lib64 -L/usr/lib/x86_64-linux-gnu -L/usr/lib/gcc/x86_64-linux-gnu/5.4.0/../../.. -L/lib -L/usr/lib CMakeFiles/cmTC_6a18d.dir/CMakeCXXCompilerABI.cpp.o -lstdc++ -lm -lgcc_s -lgcc -lc -lgcc_s -lgcc /usr/lib/gcc/x86_64-linux-gnu/5.4.0/crtend.o /usr/lib/gcc/x86_64-linux-gnu/5.4.0/../../../x86_64-linux-gnu/crtn.o
make[1]: Leaving directory '/tmp/tmp.ZSiBhkFYF2/cmake-build-debug/CMakeFiles/CMakeTmp'


Parsed CXX implicit include dir info from above output: rv=done
  found start of include info
  found start of implicit include info
    add: [/usr/lib/gcc/x86_64-linux-gnu/5.4.0/../../../../include/c++/5.4.0]
    add: [/usr/lib/gcc/x86_64-linux-gnu/5.4.0/../../../../include/c++/5.4.0/backward]
    add: [/usr/lib/gcc/x86_64-linux-gnu/5.4.0/../../../../include/x86_64-linux-gnu/c++/5.4.0]
    add: [/usr/local/include]
    add: [/home/jl/deploy/llvm342/Release/bin/../lib/clang/3.4.2/include]
    add: [/usr/include/x86_64-linux-gnu]
    add: [/usr/include]
  end of search list found
  collapse include dir [/usr/lib/gcc/x86_64-linux-gnu/5.4.0/../../../../include/c++/5.4.0] ==> [/usr/include/c++/5.4.0]
  collapse include dir [/usr/lib/gcc/x86_64-linux-gnu/5.4.0/../../../../include/c++/5.4.0/backward] ==> [/usr/include/c++/5.4.0/backward]
  collapse include dir [/usr/lib/gcc/x86_64-linux-gnu/5.4.0/../../../../include/x86_64-linux-gnu/c++/5.4.0] ==> [/usr/include/x86_64-linux-gnu/c++/5.4.0]
  collapse include dir [/usr/local/include] ==> [/usr/local/include]
  collapse include dir [/home/jl/deploy/llvm342/Release/bin/../lib/clang/3.4.2/include] ==> [/home/jl/deploy/llvm342/Release/lib/clang/3.4.2/include]
  collapse include dir [/usr/include/x86_64-linux-gnu] ==> [/usr/include/x86_64-linux-gnu]
  collapse include dir [/usr/include] ==> [/usr/include]
  implicit include dirs: [/usr/include/c++/5.4.0;/usr/include/c++/5.4.0/backward;/usr/include/x86_64-linux-gnu/c++/5.4.0;/usr/local/include;/home/jl/deploy/llvm342/Release/lib/clang/3.4.2/include;/usr/include/x86_64-linux-gnu;/usr/include]


Parsed CXX implicit link information from above output:
  link line regex: [^( *|.*[/\])(ld|CMAKE_LINK_STARTFILE-NOTFOUND|([^/\]+-)?ld|collect2)[^/\]*( |$)]
  ignore line: [Change Dir: /tmp/tmp.ZSiBhkFYF2/cmake-build-debug/CMakeFiles/CMakeTmp]
  ignore line: []
  ignore line: [Run Build Command(s):/usr/bin/make cmTC_6a18d/fast ]
  ignore line: [/usr/bin/make -f CMakeFiles/cmTC_6a18d.dir/build.make CMakeFiles/cmTC_6a18d.dir/build]
  ignore line: [make[1]: Entering directory '/tmp/tmp.ZSiBhkFYF2/cmake-build-debug/CMakeFiles/CMakeTmp']
  ignore line: [Building CXX object CMakeFiles/cmTC_6a18d.dir/CMakeCXXCompilerABI.cpp.o]
  ignore line: [/home/jl/deploy/llvm342/Release/bin/clang++    -v -o CMakeFiles/cmTC_6a18d.dir/CMakeCXXCompilerABI.cpp.o -c /usr/local/share/cmake-3.14/Modules/CMakeCXXCompilerABI.cpp]
  ignore line: [clang version 3.4.2 (tags/RELEASE_342/final)]
  ignore line: [Target: x86_64-unknown-linux-gnu]
  ignore line: [Thread model: posix]
  ignore line: [Found candidate GCC installation: /usr/lib/gcc/x86_64-linux-gnu/5.4.0]
  ignore line: [Found candidate GCC installation: /usr/lib/gcc/x86_64-linux-gnu/6.0.0]
  ignore line: [Selected GCC installation: /usr/lib/gcc/x86_64-linux-gnu/5.4.0]
  ignore line: [ "/home/jl/deploy/llvm342/Release/bin/clang++" -cc1 -triple x86_64-unknown-linux-gnu -emit-obj -mrelax-all -disable-free -disable-llvm-verifier -main-file-name CMakeCXXCompilerABI.cpp -mrelocation-model static -mdisable-fp-elim -fmath-errno -masm-verbose -mconstructor-aliases -munwind-tables -fuse-init-array -target-cpu x86-64 -target-linker-version 2.26.1 -v -coverage-file /tmp/tmp.ZSiBhkFYF2/cmake-build-debug/CMakeFiles/CMakeTmp/CMakeFiles/cmTC_6a18d.dir/CMakeCXXCompilerABI.cpp.o -resource-dir /home/jl/deploy/llvm342/Release/bin/../lib/clang/3.4.2 -internal-isystem /usr/lib/gcc/x86_64-linux-gnu/5.4.0/../../../../include/c++/5.4.0 -internal-isystem /usr/lib/gcc/x86_64-linux-gnu/5.4.0/../../../../include/c++/5.4.0/x86_64-linux-gnu -internal-isystem /usr/lib/gcc/x86_64-linux-gnu/5.4.0/../../../../include/c++/5.4.0/backward -internal-isystem /usr/lib/gcc/x86_64-linux-gnu/5.4.0/../../../../include/x86_64-linux-gnu/c++/5.4.0 -internal-isystem /usr/local/include -internal-isystem /home/jl/deploy/llvm342/Release/bin/../lib/clang/3.4.2/include -internal-externc-isystem /usr/include/x86_64-linux-gnu -internal-externc-isystem /include -internal-externc-isystem /usr/include -fdeprecated-macro -fdebug-compilation-dir /tmp/tmp.ZSiBhkFYF2/cmake-build-debug/CMakeFiles/CMakeTmp -ferror-limit 19 -fmessage-length 0 -mstackrealign -fobjc-runtime=gcc -fcxx-exceptions -fexceptions -fdiagnostics-show-option -vectorize-slp -o CMakeFiles/cmTC_6a18d.dir/CMakeCXXCompilerABI.cpp.o -x c++ /usr/local/share/cmake-3.14/Modules/CMakeCXXCompilerABI.cpp]
  ignore line: [clang -cc1 version 3.4.2 based upon LLVM 3.4.2 default target x86_64-unknown-linux-gnu]
  ignore line: [ignoring nonexistent directory "/usr/lib/gcc/x86_64-linux-gnu/5.4.0/../../../../include/c++/5.4.0/x86_64-linux-gnu"]
  ignore line: [ignoring nonexistent directory "/include"]
  ignore line: [#include "..." search starts here:]
  ignore line: [#include <...> search starts here:]
  ignore line: [ /usr/lib/gcc/x86_64-linux-gnu/5.4.0/../../../../include/c++/5.4.0]
  ignore line: [ /usr/lib/gcc/x86_64-linux-gnu/5.4.0/../../../../include/c++/5.4.0/backward]
  ignore line: [ /usr/lib/gcc/x86_64-linux-gnu/5.4.0/../../../../include/x86_64-linux-gnu/c++/5.4.0]
  ignore line: [ /usr/local/include]
  ignore line: [ /home/jl/deploy/llvm342/Release/bin/../lib/clang/3.4.2/include]
  ignore line: [ /usr/include/x86_64-linux-gnu]
  ignore line: [ /usr/include]
  ignore line: [End of search list.]
  ignore line: [Linking CXX executable cmTC_6a18d]
  ignore line: [/usr/local/bin/cmake -E cmake_link_script CMakeFiles/cmTC_6a18d.dir/link.txt --verbose=1]
  ignore line: [/home/jl/deploy/llvm342/Release/bin/clang++      -v -rdynamic CMakeFiles/cmTC_6a18d.dir/CMakeCXXCompilerABI.cpp.o  -o cmTC_6a18d ]
  ignore line: [clang version 3.4.2 (tags/RELEASE_342/final)]
  ignore line: [Target: x86_64-unknown-linux-gnu]
  ignore line: [Thread model: posix]
  ignore line: [Found candidate GCC installation: /usr/lib/gcc/x86_64-linux-gnu/5.4.0]
  ignore line: [Found candidate GCC installation: /usr/lib/gcc/x86_64-linux-gnu/6.0.0]
  ignore line: [Selected GCC installation: /usr/lib/gcc/x86_64-linux-gnu/5.4.0]
  link line: [ "/usr/bin/ld" -export-dynamic --eh-frame-hdr -m elf_x86_64 -dynamic-linker /lib64/ld-linux-x86-64.so.2 -o cmTC_6a18d /usr/lib/gcc/x86_64-linux-gnu/5.4.0/../../../x86_64-linux-gnu/crt1.o /usr/lib/gcc/x86_64-linux-gnu/5.4.0/../../../x86_64-linux-gnu/crti.o /usr/lib/gcc/x86_64-linux-gnu/5.4.0/crtbegin.o -L/usr/lib/gcc/x86_64-linux-gnu/5.4.0 -L/usr/lib/gcc/x86_64-linux-gnu/5.4.0/../../../x86_64-linux-gnu -L/lib/x86_64-linux-gnu -L/lib/../lib64 -L/usr/lib/x86_64-linux-gnu -L/usr/lib/gcc/x86_64-linux-gnu/5.4.0/../../.. -L/lib -L/usr/lib CMakeFiles/cmTC_6a18d.dir/CMakeCXXCompilerABI.cpp.o -lstdc++ -lm -lgcc_s -lgcc -lc -lgcc_s -lgcc /usr/lib/gcc/x86_64-linux-gnu/5.4.0/crtend.o /usr/lib/gcc/x86_64-linux-gnu/5.4.0/../../../x86_64-linux-gnu/crtn.o]
    arg [/usr/bin/ld] ==> ignore
    arg [-export-dynamic] ==> ignore
    arg [--eh-frame-hdr] ==> ignore
    arg [-m] ==> ignore
    arg [elf_x86_64] ==> ignore
    arg [-dynamic-linker] ==> ignore
    arg [/lib64/ld-linux-x86-64.so.2] ==> ignore
    arg [-o] ==> ignore
    arg [cmTC_6a18d] ==> ignore
    arg [/usr/lib/gcc/x86_64-linux-gnu/5.4.0/../../../x86_64-linux-gnu/crt1.o] ==> ignore
    arg [/usr/lib/gcc/x86_64-linux-gnu/5.4.0/../../../x86_64-linux-gnu/crti.o] ==> ignore
    arg [/usr/lib/gcc/x86_64-linux-gnu/5.4.0/crtbegin.o] ==> ignore
    arg [-L/usr/lib/gcc/x86_64-linux-gnu/5.4.0] ==> dir [/usr/lib/gcc/x86_64-linux-gnu/5.4.0]
    arg [-L/usr/lib/gcc/x86_64-linux-gnu/5.4.0/../../../x86_64-linux-gnu] ==> dir [/usr/lib/gcc/x86_64-linux-gnu/5.4.0/../../../x86_64-linux-gnu]
    arg [-L/lib/x86_64-linux-gnu] ==> dir [/lib/x86_64-linux-gnu]
    arg [-L/lib/../lib64] ==> dir [/lib/../lib64]
    arg [-L/usr/lib/x86_64-linux-gnu] ==> dir [/usr/lib/x86_64-linux-gnu]
    arg [-L/usr/lib/gcc/x86_64-linux-gnu/5.4.0/../../..] ==> dir [/usr/lib/gcc/x86_64-linux-gnu/5.4.0/../../..]
    arg [-L/lib] ==> dir [/lib]
    arg [-L/usr/lib] ==> dir [/usr/lib]
    arg [CMakeFiles/cmTC_6a18d.dir/CMakeCXXCompilerABI.cpp.o] ==> ignore
    arg [-lstdc++] ==> lib [stdc++]
    arg [-lm] ==> lib [m]
    arg [-lgcc_s] ==> lib [gcc_s]
    arg [-lgcc] ==> lib [gcc]
    arg [-lc] ==> lib [c]
    arg [-lgcc_s] ==> lib [gcc_s]
    arg [-lgcc] ==> lib [gcc]
    arg [/usr/lib/gcc/x86_64-linux-gnu/5.4.0/crtend.o] ==> ignore
    arg [/usr/lib/gcc/x86_64-linux-gnu/5.4.0/../../../x86_64-linux-gnu/crtn.o] ==> ignore
  collapse library dir [/usr/lib/gcc/x86_64-linux-gnu/5.4.0] ==> [/usr/lib/gcc/x86_64-linux-gnu/5.4.0]
  collapse library dir [/usr/lib/gcc/x86_64-linux-gnu/5.4.0/../../../x86_64-linux-gnu] ==> [/usr/lib/x86_64-linux-gnu]
  collapse library dir [/lib/x86_64-linux-gnu] ==> [/lib/x86_64-linux-gnu]
  collapse library dir [/lib/../lib64] ==> [/lib64]
  collapse library dir [/usr/lib/x86_64-linux-gnu] ==> [/usr/lib/x86_64-linux-gnu]
  collapse library dir [/usr/lib/gcc/x86_64-linux-gnu/5.4.0/../../..] ==> [/usr/lib]
  collapse library dir [/lib] ==> [/lib]
  collapse library dir [/usr/lib] ==> [/usr/lib]
  implicit libs: [stdc++;m;gcc_s;gcc;c;gcc_s;gcc]
  implicit dirs: [/usr/lib/gcc/x86_64-linux-gnu/5.4.0;/usr/lib/x86_64-linux-gnu;/lib/x86_64-linux-gnu;/lib64;/usr/lib;/lib]
  implicit fwks: []




Detecting CXX [-std=c++1y] compiler features compiled with the following output:
Change Dir: /tmp/tmp.ZSiBhkFYF2/cmake-build-debug/CMakeFiles/CMakeTmp

Run Build Command(s):/usr/bin/make cmTC_7004e/fast 
/usr/bin/make -f CMakeFiles/cmTC_7004e.dir/build.make CMakeFiles/cmTC_7004e.dir/build
make[1]: Entering directory '/tmp/tmp.ZSiBhkFYF2/cmake-build-debug/CMakeFiles/CMakeTmp'
Building CXX object CMakeFiles/cmTC_7004e.dir/feature_tests.cxx.o
/home/jl/deploy/llvm342/Release/bin/clang++    -std=c++1y -o CMakeFiles/cmTC_7004e.dir/feature_tests.cxx.o -c /tmp/tmp.ZSiBhkFYF2/cmake-build-debug/CMakeFiles/feature_tests.cxx
Linking CXX executable cmTC_7004e
/usr/local/bin/cmake -E cmake_link_script CMakeFiles/cmTC_7004e.dir/link.txt --verbose=1
/home/jl/deploy/llvm342/Release/bin/clang++       -rdynamic CMakeFiles/cmTC_7004e.dir/feature_tests.cxx.o  -o cmTC_7004e 
make[1]: Leaving directory '/tmp/tmp.ZSiBhkFYF2/cmake-build-debug/CMakeFiles/CMakeTmp'


    Feature record: CXX_FEATURE:1cxx_aggregate_default_initializers
    Feature record: CXX_FEATURE:1cxx_alias_templates
    Feature record: CXX_FEATURE:1cxx_alignas
    Feature record: CXX_FEATURE:1cxx_alignof
    Feature record: CXX_FEATURE:1cxx_attributes
    Feature record: CXX_FEATURE:1cxx_attribute_deprecated
    Feature record: CXX_FEATURE:1cxx_auto_type
    Feature record: CXX_FEATURE:1cxx_binary_literals
    Feature record: CXX_FEATURE:1cxx_constexpr
    Feature record: CXX_FEATURE:1cxx_contextual_conversions
    Feature record: CXX_FEATURE:1cxx_decltype
    Feature record: CXX_FEATURE:1cxx_decltype_auto
    Feature record: CXX_FEATURE:1cxx_decltype_incomplete_return_types
    Feature record: CXX_FEATURE:1cxx_default_function_template_args
    Feature record: CXX_FEATURE:1cxx_defaulted_functions
    Feature record: CXX_FEATURE:1cxx_defaulted_move_initializers
    Feature record: CXX_FEATURE:1cxx_delegating_constructors
    Feature record: CXX_FEATURE:1cxx_deleted_functions
    Feature record: CXX_FEATURE:1cxx_digit_separators
    Feature record: CXX_FEATURE:1cxx_enum_forward_declarations
    Feature record: CXX_FEATURE:1cxx_explicit_conversions
    Feature record: CXX_FEATURE:1cxx_extended_friend_declarations
    Feature record: CXX_FEATURE:1cxx_extern_templates
    Feature record: CXX_FEATURE:1cxx_final
    Feature record: CXX_FEATURE:1cxx_func_identifier
    Feature record: CXX_FEATURE:1cxx_generalized_initializers
    Feature record: CXX_FEATURE:1cxx_generic_lambdas
    Feature record: CXX_FEATURE:1cxx_inheriting_constructors
    Feature record: CXX_FEATURE:1cxx_inline_namespaces
    Feature record: CXX_FEATURE:1cxx_lambdas
    Feature record: CXX_FEATURE:1cxx_lambda_init_captures
    Feature record: CXX_FEATURE:1cxx_local_type_template_args
    Feature record: CXX_FEATURE:1cxx_long_long_type
    Feature record: CXX_FEATURE:1cxx_noexcept
    Feature record: CXX_FEATURE:1cxx_nonstatic_member_init
    Feature record: CXX_FEATURE:1cxx_nullptr
    Feature record: CXX_FEATURE:1cxx_override
    Feature record: CXX_FEATURE:1cxx_range_for
    Feature record: CXX_FEATURE:1cxx_raw_string_literals
    Feature record: CXX_FEATURE:1cxx_reference_qualified_functions
    Feature record: CXX_FEATURE:1cxx_relaxed_constexpr
    Feature record: CXX_FEATURE:1cxx_return_type_deduction
    Feature record: CXX_FEATURE:1cxx_right_angle_brackets
    Feature record: CXX_FEATURE:1cxx_rvalue_references
    Feature record: CXX_FEATURE:1cxx_sizeof_member
    Feature record: CXX_FEATURE:1cxx_static_assert
    Feature record: CXX_FEATURE:1cxx_strong_enums
    Feature record: CXX_FEATURE:1cxx_template_template_parameters
    Feature record: CXX_FEATURE:1cxx_thread_local
    Feature record: CXX_FEATURE:1cxx_trailing_return_types
    Feature record: CXX_FEATURE:1cxx_unicode_literals
    Feature record: CXX_FEATURE:1cxx_uniform_initialization
    Feature record: CXX_FEATURE:1cxx_unrestricted_unions
    Feature record: CXX_FEATURE:1cxx_user_literals
    Feature record: CXX_FEATURE:1cxx_variable_templates
    Feature record: CXX_FEATURE:1cxx_variadic_macros
    Feature record: CXX_FEATURE:1cxx_variadic_templates


Detecting CXX [-std=c++11] compiler features compiled with the following output:
Change Dir: /tmp/tmp.ZSiBhkFYF2/cmake-build-debug/CMakeFiles/CMakeTmp

Run Build Command(s):/usr/bin/make cmTC_7b3d9/fast 
/usr/bin/make -f CMakeFiles/cmTC_7b3d9.dir/build.make CMakeFiles/cmTC_7b3d9.dir/build
make[1]: Entering directory '/tmp/tmp.ZSiBhkFYF2/cmake-build-debug/CMakeFiles/CMakeTmp'
Building CXX object CMakeFiles/cmTC_7b3d9.dir/feature_tests.cxx.o
/home/jl/deploy/llvm342/Release/bin/clang++    -std=c++11 -o CMakeFiles/cmTC_7b3d9.dir/feature_tests.cxx.o -c /tmp/tmp.ZSiBhkFYF2/cmake-build-debug/CMakeFiles/feature_tests.cxx
Linking CXX executable cmTC_7b3d9
/usr/local/bin/cmake -E cmake_link_script CMakeFiles/cmTC_7b3d9.dir/link.txt --verbose=1
/home/jl/deploy/llvm342/Release/bin/clang++       -rdynamic CMakeFiles/cmTC_7b3d9.dir/feature_tests.cxx.o  -o cmTC_7b3d9 
make[1]: Leaving directory '/tmp/tmp.ZSiBhkFYF2/cmake-build-debug/CMakeFiles/CMakeTmp'


    Feature record: CXX_FEATURE:0cxx_aggregate_default_initializers
    Feature record: CXX_FEATURE:1cxx_alias_templates
    Feature record: CXX_FEATURE:1cxx_alignas
    Feature record: CXX_FEATURE:1cxx_alignof
    Feature record: CXX_FEATURE:1cxx_attributes
    Feature record: CXX_FEATURE:0cxx_attribute_deprecated
    Feature record: CXX_FEATURE:1cxx_auto_type
    Feature record: CXX_FEATURE:0cxx_binary_literals
    Feature record: CXX_FEATURE:1cxx_constexpr
    Feature record: CXX_FEATURE:0cxx_contextual_conversions
    Feature record: CXX_FEATURE:1cxx_decltype
    Feature record: CXX_FEATURE:0cxx_decltype_auto
    Feature record: CXX_FEATURE:1cxx_decltype_incomplete_return_types
    Feature record: CXX_FEATURE:1cxx_default_function_template_args
    Feature record: CXX_FEATURE:1cxx_defaulted_functions
    Feature record: CXX_FEATURE:1cxx_defaulted_move_initializers
    Feature record: CXX_FEATURE:1cxx_delegating_constructors
    Feature record: CXX_FEATURE:1cxx_deleted_functions
    Feature record: CXX_FEATURE:0cxx_digit_separators
    Feature record: CXX_FEATURE:1cxx_enum_forward_declarations
    Feature record: CXX_FEATURE:1cxx_explicit_conversions
    Feature record: CXX_FEATURE:1cxx_extended_friend_declarations
    Feature record: CXX_FEATURE:1cxx_extern_templates
    Feature record: CXX_FEATURE:1cxx_final
    Feature record: CXX_FEATURE:1cxx_func_identifier
    Feature record: CXX_FEATURE:1cxx_generalized_initializers
    Feature record: CXX_FEATURE:0cxx_generic_lambdas
    Feature record: CXX_FEATURE:1cxx_inheriting_constructors
    Feature record: CXX_FEATURE:1cxx_inline_namespaces
    Feature record: CXX_FEATURE:1cxx_lambdas
    Feature record: CXX_FEATURE:0cxx_lambda_init_captures
    Feature record: CXX_FEATURE:1cxx_local_type_template_args
    Feature record: CXX_FEATURE:1cxx_long_long_type
    Feature record: CXX_FEATURE:1cxx_noexcept
    Feature record: CXX_FEATURE:1cxx_nonstatic_member_init
    Feature record: CXX_FEATURE:1cxx_nullptr
    Feature record: CXX_FEATURE:1cxx_override
    Feature record: CXX_FEATURE:1cxx_range_for
    Feature record: CXX_FEATURE:1cxx_raw_string_literals
    Feature record: CXX_FEATURE:1cxx_reference_qualified_functions
    Feature record: CXX_FEATURE:0cxx_relaxed_constexpr
    Feature record: CXX_FEATURE:0cxx_return_type_deduction
    Feature record: CXX_FEATURE:1cxx_right_angle_brackets
    Feature record: CXX_FEATURE:1cxx_rvalue_references
    Feature record: CXX_FEATURE:1cxx_sizeof_member
    Feature record: CXX_FEATURE:1cxx_static_assert
    Feature record: CXX_FEATURE:1cxx_strong_enums
    Feature record: CXX_FEATURE:1cxx_template_template_parameters
    Feature record: CXX_FEATURE:1cxx_thread_local
    Feature record: CXX_FEATURE:1cxx_trailing_return_types
    Feature record: CXX_FEATURE:1cxx_unicode_literals
    Feature record: CXX_FEATURE:1cxx_uniform_initialization
    Feature record: CXX_FEATURE:1cxx_unrestricted_unions
    Feature record: CXX_FEATURE:1cxx_user_literals
    Feature record: CXX_FEATURE:0cxx_variable_templates
    Feature record: CXX_FEATURE:1cxx_variadic_macros
    Feature record: CXX_FEATURE:1cxx_variadic_templates


Detecting CXX [-std=c++98] compiler features compiled with the following output:
Change Dir: /tmp/tmp.ZSiBhkFYF2/cmake-build-debug/CMakeFiles/CMakeTmp

Run Build Command(s):/usr/bin/make cmTC_5f480/fast 
/usr/bin/make -f CMakeFiles/cmTC_5f480.dir/build.make CMakeFiles/cmTC_5f480.dir/build
make[1]: Entering directory '/tmp/tmp.ZSiBhkFYF2/cmake-build-debug/CMakeFiles/CMakeTmp'
Building CXX object CMakeFiles/cmTC_5f480.dir/feature_tests.cxx.o
/home/jl/deploy/llvm342/Release/bin/clang++    -std=c++98 -o CMakeFiles/cmTC_5f480.dir/feature_tests.cxx.o -c /tmp/tmp.ZSiBhkFYF2/cmake-build-debug/CMakeFiles/feature_tests.cxx
Linking CXX executable cmTC_5f480
/usr/local/bin/cmake -E cmake_link_script CMakeFiles/cmTC_5f480.dir/link.txt --verbose=1
/home/jl/deploy/llvm342/Release/bin/clang++       -rdynamic CMakeFiles/cmTC_5f480.dir/feature_tests.cxx.o  -o cmTC_5f480 
make[1]: Leaving directory '/tmp/tmp.ZSiBhkFYF2/cmake-build-debug/CMakeFiles/CMakeTmp'


    Feature record: CXX_FEATURE:0cxx_aggregate_default_initializers
    Feature record: CXX_FEATURE:0cxx_alias_templates
    Feature record: CXX_FEATURE:0cxx_alignas
    Feature record: CXX_FEATURE:0cxx_alignof
    Feature record: CXX_FEATURE:0cxx_attributes
    Feature record: CXX_FEATURE:0cxx_attribute_deprecated
    Feature record: CXX_FEATURE:0cxx_auto_type
    Feature record: CXX_FEATURE:0cxx_binary_literals
    Feature record: CXX_FEATURE:0cxx_constexpr
    Feature record: CXX_FEATURE:0cxx_contextual_conversions
    Feature record: CXX_FEATURE:0cxx_decltype
    Feature record: CXX_FEATURE:0cxx_decltype_auto
    Feature record: CXX_FEATURE:0cxx_decltype_incomplete_return_types
    Feature record: CXX_FEATURE:0cxx_default_function_template_args
    Feature record: CXX_FEATURE:0cxx_defaulted_functions
    Feature record: CXX_FEATURE:0cxx_defaulted_move_initializers
    Feature record: CXX_FEATURE:0cxx_delegating_constructors
    Feature record: CXX_FEATURE:0cxx_deleted_functions
    Feature record: CXX_FEATURE:0cxx_digit_separators
    Feature record: CXX_FEATURE:0cxx_enum_forward_declarations
    Feature record: CXX_FEATURE:0cxx_explicit_conversions
    Feature record: CXX_FEATURE:0cxx_extended_friend_declarations
    Feature record: CXX_FEATURE:0cxx_extern_templates
    Feature record: CXX_FEATURE:0cxx_final
    Feature record: CXX_FEATURE:0cxx_func_identifier
    Feature record: CXX_FEATURE:0cxx_generalized_initializers
    Feature record: CXX_FEATURE:0cxx_generic_lambdas
    Feature record: CXX_FEATURE:0cxx_inheriting_constructors
    Feature record: CXX_FEATURE:0cxx_inline_namespaces
    Feature record: CXX_FEATURE:0cxx_lambdas
    Feature record: CXX_FEATURE:0cxx_lambda_init_captures
    Feature record: CXX_FEATURE:0cxx_local_type_template_args
    Feature record: CXX_FEATURE:0cxx_long_long_type
    Feature record: CXX_FEATURE:0cxx_noexcept
    Feature record: CXX_FEATURE:0cxx_nonstatic_member_init
    Feature record: CXX_FEATURE:0cxx_nullptr
    Feature record: CXX_FEATURE:0cxx_override
    Feature record: CXX_FEATURE:0cxx_range_for
    Feature record: CXX_FEATURE:0cxx_raw_string_literals
    Feature record: CXX_FEATURE:0cxx_reference_qualified_functions
    Feature record: CXX_FEATURE:0cxx_relaxed_constexpr
    Feature record: CXX_FEATURE:0cxx_return_type_deduction
    Feature record: CXX_FEATURE:0cxx_right_angle_brackets
    Feature record: CXX_FEATURE:0cxx_rvalue_references
    Feature record: CXX_FEATURE:0cxx_sizeof_member
    Feature record: CXX_FEATURE:0cxx_static_assert
    Feature record: CXX_FEATURE:0cxx_strong_enums
    Feature record: CXX_FEATURE:1cxx_template_template_parameters
    Feature record: CXX_FEATURE:0cxx_thread_local
    Feature record: CXX_FEATURE:0cxx_trailing_return_types
    Feature record: CXX_FEATURE:0cxx_unicode_literals
    Feature record: CXX_FEATURE:0cxx_uniform_initialization
    Feature record: CXX_FEATURE:0cxx_unrestricted_unions
    Feature record: CXX_FEATURE:0cxx_user_literals
    Feature record: CXX_FEATURE:0cxx_variable_templates
    Feature record: CXX_FEATURE:0cxx_variadic_macros
    Feature record: CXX_FEATURE:0cxx_variadic_templates
